=~=~=~=~=~=~=~=~=~=~=~= PuTTY log 2022.12.21 10:17:07 =~=~=~=~=~=~=~=~=~=~=~=
44 10:16:34
Temperature	13.50
Starting LoRa rx
44 44 44 1 52 1B 5 46 1 85  
Received pkt nbr 1 with RSSI: -63
Data: 44,44,44,1
Time	10:16:54
Temperature	13.50
44 44 44 1 52 26 5 46 1 90  
Received pkt nbr 2 with RSSI: -63
Data: 44,44,44,1
Time	10:17:12
Temperature	13.50
44 44 44 1 52 30 5 46 1 9A  
Received pkt nbr 3 with RSSI: -65
Data: 44,44,44,1
Time	10:17:32
Temperature	13.50
44 44 44 1 52 35 5 46 1 9F  
Received pkt nbr 4 with RSSI: -66
Data: 44,44,44,1
Time	10:17:42
Temperature	13.50
44 44 44 1 52 3A 5 46 1 A4  
Received pkt nbr 5 with RSSI: -68
Data: 44,44,44,1
Time	10:17:52
Temperature	13.50
44 44 44 1 52 41 5 46 1 AB  
Received pkt nbr 6 with RSSI: -63
Data: 44,44,44,1
Time	10:18:2
Temperature	13.50
44 44 44 1 52 47 5 46 1 B1  
Received pkt nbr 7 with RSSI: -57
Data: 44,44,44,1
Time	10:18:14
Temperature	13.50
44 44 44 1 52 4C 5 46 1 B6  
Received pkt nbr 8 with RSSI: -58
Data: 44,44,44,1
Time	10:18:24
Temperature	13.50
44 44 44 1 52 51 5 2D 1 A2  
Received pkt nbr 9 with RSSI: -58
Data: 44,44,44,1
Time	10:18:34
Temperature	13.25
44 44 44 1 52 56 5 2D 1 A7  
Received pkt nbr 10 with RSSI: -57
Data: 44,44,44,1
Time	10:18:44
Temperature	13.25
44 44 44 1 52 5C 5 2D 1 AD  
Received pkt nbr 11 with RSSI: -57
Data: 44,44,44,1
Time	10:18:56
Temperature	13.25
44 44 44 1 52 63 5 2D 1 B4  
Received pkt nbr 12 with RSSI: -58
Data: 44,44,44,1
Time	10:19:6
Temperature	13.25
44 44 44 1 52 68 5 2D 1 B9  
Received pkt nbr 13 with RSSI: -58
Data: 44,44,44,1
Time	10:19:16
Temperature	13.25
44 44 44 1 52 6D 5 2D 1 BE  
Received pkt nbr 14 with RSSI: -58
Data: 44,44,44,1
Time	10:19:26
Temperature	13.25
44 44 44 1 52 73 5 46 1 DD  
Received pkt nbr 15 with RSSI: -58
Data: 44,44,44,1
Time	10:19:38
Temperature	13.50
44 44 44 1 52 78 5 46 1 E2  
Received pkt nbr 16 with RSSI: -59
Data: 44,44,44,1
Time	10:19:48
Temperature	13.50
44 44 44 1 52 7D 5 46 1 E7  
Received pkt nbr 17 with RSSI: -57
Data: 44,44,44,1
Time	10:19:58
Temperature	13.50
44 44 44 1 52 84 5 46 1 EE  
Received pkt nbr 18 with RSSI: -58
Data: 44,44,44,1
Time	10:20:8
Temperature	13.50
44 44 44 1 52 89 5 46 1 F3  
Received pkt nbr 19 with RSSI: -58
Data: 44,44,44,1
Time	10:20:18
Temperature	13.50
44 44 44 1 52 8F 5 46 1 F9  
Received pkt nbr 20 with RSSI: -58
Data: 44,44,44,1
Time	10:20:30
Temperature	13.50
44 44 44 1 52 94 5 5F 2 17  
Received pkt nbr 21 with RSSI: -57
Data: 44,44,44,1
Time	10:20:40
Temperature	13.75
44 44 44 1 52 99 5 5F 2 1C  
Received pkt nbr 22 with RSSI: -56
Data: 44,44,44,1
Time	10:20:50
Temperature	13.75
44 44 44 1 52 A0 5 5F 2 23  
Received pkt nbr 23 with RSSI: -55
Data: 44,44,44,1
Time	10:21:0
Temperature	13.75
44 44 44 1 52 A6 5 5F 2 29  
Received pkt nbr 24 with RSSI: -57
Data: 44,44,44,1
Time	10:21:12
Temperature	13.75
44 44 44 1 52 AB 5 5F 2 2E  
Received pkt nbr 25 with RSSI: -56
Data: 44,44,44,1
Time	10:21:22
Temperature	13.75
44 44 44 1 52 B0 5 5F 2 33  
Received pkt nbr 26 with RSSI: -58
Data: 44,44,44,1
Time	10:21:32
Temperature	13.75
44 44 44 1 52 B5 5 5F 2 38  
Received pkt nbr 27 with RSSI: -57
Data: 44,44,44,1
Time	10:21:42
Temperature	13.75
44 44 44 1 52 BA 5 5F 2 3D  
Received pkt nbr 28 with RSSI: -57
Data: 44,44,44,1
Time	10:21:52
Temperature	13.75
44 44 44 1 52 C2 5 5F 2 45  
Received pkt nbr 29 with RSSI: -58
Data: 44,44,44,1
Time	10:22:4
Temperature	13.75
44 44 44 1 52 C7 5 5F 2 4A  
Received pkt nbr 30 with RSSI: -58
Data: 44,44,44,1
Time	10:22:14
Temperature	13.75
44 44 44 1 52 CC 5 5F 2 4F  
Received pkt nbr 31 with RSSI: -58
Data: 44,44,44,1
Time	10:22:24
Temperature	13.75
44 44 44 1 52 D1 5 5F 2 54  
Received pkt nbr 32 with RSSI: -58
Data: 44,44,44,1
Time	10:22:34
Temperature	13.75
44 44 44 1 52 D7 5 46 2 41  
Received pkt nbr 33 with RSSI: -58
Data: 44,44,44,1
Time	10:22:46
Temperature	13.50
44 44 44 1 52 DC 5 46 2 46  
Received pkt nbr 34 with RSSI: -60
Data: 44,44,44,1
Time	10:22:56
Temperature	13.50
44 44 44 1 52 E3 5 46 2 4D  
Received pkt nbr 35 with RSSI: -59
Data: 44,44,44,1
Time	10:23:6
Temperature	13.50
44 44 44 1 52 E8 5 46 2 52  
Received pkt nbr 36 with RSSI: -59
Data: 44,44,44,1
Time	10:23:16
Temperature	13.50
44 44 44 1 52 EE 5 46 2 58  
Received pkt nbr 37 with RSSI: -60
Data: 44,44,44,1
Time	10:23:28
Temperature	13.50
44 44 44 1 52 F3 5 46 2 5D  
Received pkt nbr 38 with RSSI: -61
Data: 44,44,44,1
Time	10:23:38
Temperature	13.50
44 44 44 1 52 F8 5 46 2 62  
Received pkt nbr 39 with RSSI: -58
Data: 44,44,44,1
Time	10:23:48
Temperature	13.50
44 44 44 1 52 FD 5 2D 2 4E  
Received pkt nbr 40 with RSSI: -59
Data: 44,44,44,1
Time	10:23:58
Temperature	13.25
44 44 44 1 53 4 5 2D 1 56  
Received pkt nbr 41 with RSSI: -60
Data: 44,44,44,1
Time	10:24:8
Temperature	13.25
44 44 44 1 53 A 5 2D 1 5C  
Received pkt nbr 42 with RSSI: -60
Data: 44,44,44,1
Time	10:24:20
Temperature	13.25
44 44 44 1 53 F 5 2D 1 61  
Received pkt nbr 43 with RSSI: -59
Data: 44,44,44,1
Time	10:24:30
Temperature	13.25
44 44 44 1 53 14 5 2D 1 66  
Received pkt nbr 44 with RSSI: -59
Data: 44,44,44,1
Time	10:24:40
Temperature	13.25
44 44 44 1 53 19 5 2D 1 6B  
Received pkt nbr 45 with RSSI: -59
Data: 44,44,44,1
Time	10:24:50
Temperature	13.25
44 44 44 1 53 21 5 46 1 8C  
Received pkt nbr 46 with RSSI: -60
Data: 44,44,44,1
Time	10:25:2
Temperature	13.50
44 44 44 1 53 26 5 46 1 91  
Received pkt nbr 47 with RSSI: -62
Data: 44,44,44,1
Time	10:25:12
Temperature	13.50
44 44 44 1 53 2B 5 46 1 96  
Received pkt nbr 48 with RSSI: -63
Data: 44,44,44,1
Time	10:25:22
Temperature	13.50
44 44 44 1 53 30 5 46 1 9B  
Received pkt nbr 49 with RSSI: -61
Data: 44,44,44,1
Time	10:25:32
Temperature	13.50
44 44 44 1 53 35 5 46 1 A0  
Received pkt nbr 50 with RSSI: -61
Data: 44,44,44,1
Time	10:25:42
Temperature	13.50
44 44 44 1 53 3B 5 46 1 A6  
Received pkt nbr 51 with RSSI: -61
Data: 44,44,44,1
Time	10:25:54
Temperature	13.50
44 44 44 1 53 42 5 2D 1 94  
Received pkt nbr 52 with RSSI: -61
Data: 44,44,44,1
Time	10:26:4
Temperature	13.25
44 44 44 1 53 47 5 2D 1 99  
Received pkt nbr 53 with RSSI: -61
Data: 44,44,44,1
Time	10:26:14
Temperature	13.25
44 44 44 1 53 4C 5 2D 1 9E  
Received pkt nbr 54 with RSSI: -61
Data: 44,44,44,1
Time	10:26:24
Temperature	13.25
44 44 44 1 53 52 5 2D 1 A4  
Received pkt nbr 55 with RSSI: -60
Data: 44,44,44,1
Time	10:26:36
Temperature	13.25
44 44 44 1 53 57 5 2D 1 A9  
Received pkt nbr 56 with RSSI: -60
Data: 44,44,44,1
Time	10:26:46
Temperature	13.25
44 44 44 1 53 5C 5 2D 1 AE  
Received pkt nbr 57 with RSSI: -60
Data: 44,44,44,1
Time	10:26:56
Temperature	13.25
44 44 44 1 53 63 5 46 1 CE  
Received pkt nbr 58 with RSSI: -61
Data: 44,44,44,1
Time	10:27:6
Temperature	13.50
44 44 44 1 53 69 5 46 1 D4  
Received pkt nbr 59 with RSSI: -61
Data: 44,44,44,1
Time	10:27:18
Temperature	13.50
44 44 44 1 53 6E 5 46 1 D9  
Received pkt nbr 60 with RSSI: -60
Data: 44,44,44,1
Time	10:27:28
Temperature	13.50
44 44 44 1 53 73 5 46 1 DE  
Received pkt nbr 61 with RSSI: -59
Data: 44,44,44,1
Time	10:27:38
Temperature	13.50
44 44 44 1 53 78 5 46 1 E3  
Received pkt nbr 62 with RSSI: -59
Data: 44,44,44,1
Time	10:27:48
Temperature	13.50
44 44 44 1 53 7D 5 46 1 E8  
Received pkt nbr 63 with RSSI: -60
Data: 44,44,44,1
Time	10:27:58
Temperature	13.50
44 44 44 1 53 85 5 5F 2 9  
Received pkt nbr 64 with RSSI: -61
Data: 44,44,44,1
Time	10:28:10
Temperature	13.75
44 44 44 1 53 8A 5 5F 2 E  
Received pkt nbr 65 with RSSI: -59
Data: 44,44,44,1
Time	10:28:20
Temperature	13.75
44 44 44 1 53 8F 5 5F 2 13  
Received pkt nbr 66 with RSSI: -60
Data: 44,44,44,1
Time	10:28:30
Temperature	13.75
44 44 44 1 53 94 5 5F 2 18  
Received pkt nbr 67 with RSSI: -60
Data: 44,44,44,1
Time	10:28:40
Temperature	13.75
44 44 44 1 53 9A 5 5F 2 1E  
Received pkt nbr 68 with RSSI: -60
Data: 44,44,44,1
Time	10:28:52
Temperature	13.75
44 44 44 1 53 A1 5 5F 2 25  
Received pkt nbr 69 with RSSI: -56
Data: 44,44,44,1
Time	10:29:2
Temperature	13.75
44 44 44 1 53 A6 5 5F 2 2A  
Received pkt nbr 70 with RSSI: -57
Data: 44,44,44,1
Time	10:29:12
Temperature	13.75
44 44 44 1 53 AB 5 5F 2 2F  
Received pkt nbr 71 with RSSI: -57
Data: 44,44,44,1
Time	10:29:22
Temperature	13.75
44 44 44 1 53 B0 5 5F 2 34  
Received pkt nbr 72 with RSSI: -59
Data: 44,44,44,1
Time	10:29:32
Temperature	13.75
44 44 44 1 53 B6 5 5F 2 3A  
Received pkt nbr 73 with RSSI: -59
Data: 44,44,44,1
Time	10:29:44
Temperature	13.75
44 44 44 1 53 BB 5 5F 2 3F  
Received pkt nbr 74 with RSSI: -59
Data: 44,44,44,1
Time	10:29:54
Temperature	13.75
44 44 44 1 53 C2 5 5F 2 46  
Received pkt nbr 75 with RSSI: -59
Data: 44,44,44,1
Time	10:30:4
Temperature	13.75
44 44 44 1 53 C7 5 5F 2 4B  
Received pkt nbr 76 with RSSI: -60
Data: 44,44,44,1
Time	10:30:14
Temperature	13.75
44 44 44 1 53 CD 5 5F 2 51  
Received pkt nbr 77 with RSSI: -59
Data: 44,44,44,1
Time	10:30:26
Temperature	13.75
44 44 44 1 53 D2 5 5F 2 56  
Received pkt nbr 78 with RSSI: -57
Data: 44,44,44,1
Time	10:30:36
Temperature	13.75
44 44 44 1 53 D7 5 5F 2 5B  
Received pkt nbr 79 with RSSI: -59
Data: 44,44,44,1
Time	10:30:46
Temperature	13.75
44 44 44 1 53 DC 5 5F 2 60  
Received pkt nbr 80 with RSSI: -58
Data: 44,44,44,1
Time	10:30:56
Temperature	13.75
44 44 44 1 53 E4 5 5F 2 68  
Received pkt nbr 81 with RSSI: -58
Data: 44,44,44,1
Time	10:31:8
Temperature	13.75
44 44 44 1 53 E9 5 5F 2 6D  
Received pkt nbr 82 with RSSI: -59
Data: 44,44,44,1
Time	10:31:18
Temperature	13.75
44 44 44 1 53 EE 5 5F 2 72  
Received pkt nbr 83 with RSSI: -58
Data: 44,44,44,1
Time	10:31:28
Temperature	13.75
44 44 44 1 53 F3 5 5F 2 77  
Received pkt nbr 84 with RSSI: -59
Data: 44,44,44,1
Time	10:31:38
Temperature	13.75
44 44 44 1 53 F8 5 5F 2 7C  
Received pkt nbr 85 with RSSI: -57
Data: 44,44,44,1
Time	10:31:48
Temperature	13.75
44 44 44 1 54 0 5 5F 1 85  
Received pkt nbr 86 with RSSI: -57
Data: 44,44,44,1
Time	10:32:0
Temperature	13.75
44 44 44 1 54 5 5 5F 1 8A  
Received pkt nbr 87 with RSSI: -57
Data: 44,44,44,1
Time	10:32:10
Temperature	13.75
44 44 44 1 54 A 5 5F 1 8F  
Received pkt nbr 88 with RSSI: -56
Data: 44,44,44,1
Time	10:32:20
Temperature	13.75
44 44 44 1 54 F 5 46 1 7B  
Received pkt nbr 89 with RSSI: -57
Data: 44,44,44,1
Time	10:32:30
Temperature	13.50
44 44 44 1 54 15 5 46 1 81  
Received pkt nbr 90 with RSSI: -57
Data: 44,44,44,1
Time	10:32:42
Temperature	13.50
44 44 44 1 54 1A 5 46 1 86  
Received pkt nbr 91 with RSSI: -57
Data: 44,44,44,1
Time	10:32:52
Temperature	13.50
44 44 44 1 54 21 5 46 1 8D  
Received pkt nbr 92 with RSSI: -56
Data: 44,44,44,1
Time	10:33:2
Temperature	13.50
44 44 44 1 54 26 5 46 1 92  
Received pkt nbr 93 with RSSI: -57
Data: 44,44,44,1
Time	10:33:12
Temperature	13.50
44 44 44 1 54 2B 5 46 1 97  
Received pkt nbr 94 with RSSI: -56
Data: 44,44,44,1
Time	10:33:22
Temperature	13.50
44 44 44 1 54 31 5 46 1 9D  
Received pkt nbr 95 with RSSI: -57
Data: 44,44,44,1
Time	10:33:34
Temperature	13.50
44 44 44 1 54 36 5 46 1 A2  
Received pkt nbr 96 with RSSI: -56
Data: 44,44,44,1
Time	10:33:44
Temperature	13.50
44 44 44 1 54 3B 5 46 1 A7  
Received pkt nbr 97 with RSSI: -56
Data: 44,44,44,1
Time	10:33:54
Temperature	13.50
44 44 44 1 54 42 5 46 1 AE  
Received pkt nbr 98 with RSSI: -54
Data: 44,44,44,1
Time	10:34:4
Temperature	13.50
44 44 44 1 54 48 5 46 1 B4  
Received pkt nbr 99 with RSSI: -55
Data: 44,44,44,1
Time	10:34:16
Temperature	13.50
44 44 44 1 54 4D 5 46 1 B9  
Received pkt nbr 100 with RSSI: -54
Data: 44,44,44,1
Time	10:34:26
Temperature	13.50
44 44 44 1 54 52 5 46 1 BE  
Received pkt nbr 101 with RSSI: -54
Data: 44,44,44,1
Time	10:34:36
Temperature	13.50
44 44 44 1 54 57 5 46 1 C3  
Received pkt nbr 102 with RSSI: -55
Data: 44,44,44,1
Time	10:34:46
Temperature	13.50
44 44 44 1 54 5D 5 46 1 C9  
Received pkt nbr 103 with RSSI: -55
Data: 44,44,44,1
Time	10:34:58
Temperature	13.50
44 44 44 1 54 64 5 46 1 D0  
Received pkt nbr 104 with RSSI: -55
Data: 44,44,44,1
Time	10:35:8
Temperature	13.50
44 44 44 1 54 69 5 46 1 D5  
Received pkt nbr 105 with RSSI: -55
Data: 44,44,44,1
Time	10:35:18
Temperature	13.50
44 44 44 1 54 6E 5 46 1 DA  
Received pkt nbr 106 with RSSI: -55
Data: 44,44,44,1
Time	10:35:28
Temperature	13.50
44 44 44 1 54 73 5 46 1 DF  
Received pkt nbr 107 with RSSI: -55
Data: 44,44,44,1
Time	10:35:38
Temperature	13.50
44 44 44 1 54 79 5 46 1 E5  
Received pkt nbr 108 with RSSI: -55
Data: 44,44,44,1
Time	10:35:50
Temperature	13.50
44 44 44 1 54 80 5 46 1 EC  
Received pkt nbr 109 with RSSI: -54
Data: 44,44,44,1
Time	10:36:0
Temperature	13.50
44 44 44 1 54 85 5 46 1 F1  
Received pkt nbr 110 with RSSI: -54
Data: 44,44,44,1
Time	10:36:10
Temperature	13.50
44 44 44 1 54 8A 5 46 1 F6  
Received pkt nbr 111 with RSSI: -54
Data: 44,44,44,1
Time	10:36:20
Temperature	13.50
44 44 44 1 54 90 5 46 1 FC  
Received pkt nbr 112 with RSSI: -55
Data: 44,44,44,1
Time	10:36:32
Temperature	13.50
44 44 44 1 54 95 5 46 2 1  
Received pkt nbr 113 with RSSI: -53
Data: 44,44,44,1
Time	10:36:42
Temperature	13.50
44 44 44 1 54 9A 5 46 2 6  
Received pkt nbr 114 with RSSI: -57
Data: 44,44,44,1
Time	10:36:52
Temperature	13.50
4